<?xml version="1.0" encoding="UTF-8"?>
<testng-results skipped="0" failed="0" ignored="0" total="1" passed="1">
  <reporter-output>
  </reporter-output>
  <suite name="Default suite" duration-ms="26389" started-at="2018-02-10T06:59:30Z" finished-at="2018-02-10T06:59:56Z">
    <groups>
    </groups>
    <test name="Default test" duration-ms="26389" started-at="2018-02-10T06:59:30Z" finished-at="2018-02-10T06:59:56Z">
      <class name="excel_read_write.Excel">
        <test-method status="PASS" signature="setup()[pri:0, instance:excel_read_write.Excel@61832929]" name="setup" is-config="true" duration-ms="19573" started-at="2018-02-10T12:29:30Z" finished-at="2018-02-10T12:29:49Z">
          <reporter-output>
          </reporter-output>
        </test-method> <!-- setup -->
        <test-method status="PASS" signature="read_data()[pri:0, instance:excel_read_write.Excel@61832929]" name="read_data" duration-ms="6747" started-at="2018-02-10T12:29:49Z" finished-at="2018-02-10T12:29:56Z">
          <reporter-output>
          </reporter-output>
        </test-method> <!-- read_data -->
      </class> <!-- excel_read_write.Excel -->
    </test> <!-- Default test -->
  </suite> <!-- Default suite -->
</testng-results>
